[debug] [2022-11-26T18:38:34.901Z] ----------------------------------------------------------------------
[debug] [2022-11-26T18:38:34.904Z] Command:       C:\Program Files\nodejs\node.exe C:\Users\mcoel\AppData\Roaming\npm\node_modules\firebase-tools\lib\bin\firebase.js init hosting
[debug] [2022-11-26T18:38:34.904Z] CLI Version:   11.16.1
[debug] [2022-11-26T18:38:34.904Z] Platform:      win32
[debug] [2022-11-26T18:38:34.904Z] Node Version:  v16.14.2
[debug] [2022-11-26T18:38:34.906Z] Time:          Sat Nov 26 2022 15:38:34 GMT-0300 (Horário Padrão de Brasília)
[debug] [2022-11-26T18:38:34.906Z] ----------------------------------------------------------------------
[debug] 
[debug] [2022-11-26T18:38:34.987Z] > command requires scopes: ["email","openid","https://www.googleapis.com/auth/cloudplatformprojects.readonly","https://www.googleapis.com/auth/firebase","https://www.googleapis.com/auth/cloud-platform"]
[debug] [2022-11-26T18:38:34.988Z] > authorizing via signed-in user (mcoelho5446@gmail.com)
[info] 
     ######## #### ########  ######## ########     ###     ######  ########
     ##        ##  ##     ## ##       ##     ##  ##   ##  ##       ##
     ######    ##  ########  ######   ########  #########  ######  ######
     ##        ##  ##    ##  ##       ##     ## ##     ##       ## ##
     ##       #### ##     ## ######## ########  ##     ##  ######  ########

You're about to initialize a Firebase project in this directory:

  C:\Users\mcoel\OneDrive\Github\Frontend-Conecta-Test

Before we get started, keep in mind:

  * You are initializing within an existing Firebase project directory

[info] 
=== Account Setup
[info] 
[info] Which account do you want to use for this project? Choose an account or add a new one now
[info] 
[debug] [2022-11-26T18:38:45.051Z] setProjectAccount(C:\Users\mcoel\OneDrive\Github\Frontend-Conecta-Test, mcoelho5446@gmail.com)
[info] 
[info] +  Using account: mcoelho5446@gmail.com 
[info] 
=== Project Setup
[info] 
[info] First, let's associate this project directory with a Firebase project.
[info] You can create multiple project aliases by running firebase use --add, 
[info] but for now we'll just set up a default project.
[info] 
[debug] [2022-11-26T18:38:45.063Z] Using project from CLI flag: mcoelho-people
[debug] [2022-11-26T18:38:45.065Z] > refreshing access token with scopes: []
[debug] [2022-11-26T18:38:45.068Z] >>> [apiv2][query] POST https://www.googleapis.com/oauth2/v3/token [none]
[debug] [2022-11-26T18:38:45.068Z] >>> [apiv2][body] POST https://www.googleapis.com/oauth2/v3/token [omitted]
[debug] [2022-11-26T18:38:45.662Z] <<< [apiv2][status] POST https://www.googleapis.com/oauth2/v3/token 200
[debug] [2022-11-26T18:38:45.662Z] <<< [apiv2][body] POST https://www.googleapis.com/oauth2/v3/token [omitted]
[debug] [2022-11-26T18:38:45.668Z] >>> [apiv2][query] GET https://firebase.googleapis.com/v1beta1/projects/mcoelho-people [none]
[debug] [2022-11-26T18:38:46.173Z] <<< [apiv2][status] GET https://firebase.googleapis.com/v1beta1/projects/mcoelho-people 200
[debug] [2022-11-26T18:38:46.173Z] <<< [apiv2][body] GET https://firebase.googleapis.com/v1beta1/projects/mcoelho-people {"projectId":"mcoelho-people","projectNumber":"952099072384","displayName":"MCoelho People","name":"projects/mcoelho-people","resources":{"hostingSite":"mcoelho-people"},"state":"ACTIVE","etag":"1_d8202f51-00e3-40d6-baa8-574491fc025c"}
[info] i  Using project mcoelho-people (MCoelho People) 
[info] 
=== Hosting Setup
[info] 
[info] Your public directory is the folder (relative to your project directory) that
[info] will contain Hosting assets to be uploaded with firebase deploy. If you
[info] have a build process for your assets, use your build's output directory.
[info] 
[debug] [2022-11-26T18:39:22.492Z] >>> [apiv2][query] GET https://www.gstatic.com/firebasejs/releases.json [none]
[debug] [2022-11-26T18:39:22.701Z] <<< [apiv2][status] GET https://www.gstatic.com/firebasejs/releases.json 200
[debug] [2022-11-26T18:39:22.701Z] <<< [apiv2][body] GET https://www.gstatic.com/firebasejs/releases.json {"current":{"version":"9.14.0","browserURL":"https://www.gstatic.com/firebasejs/9.14.0/firebase.js","packageURL":"https://www.gstatic.com/firebasejs/9.14.0/firebase.tgz"},"live":{"version":"9.14","browserURL":"https://www.gstatic.com/firebasejs/live/9.14/firebase.js","packageURL":"https://www.gstatic.com/firebasejs/live/9.14/firebase.tgz"},"components":{"analytics":"https://www.gstatic.com/firebasejs/9.14.0/firebase-analytics.js","app":"https://www.gstatic.com/firebasejs/9.14.0/firebase-app.js","app-check":"https://www.gstatic.com/firebasejs/9.14.0/firebase-app-check.js","auth":"https://www.gstatic.com/firebasejs/9.14.0/firebase-auth.js","auth/cordova":"https://www.gstatic.com/firebasejs/9.14.0/firebase-auth/cordova.js","auth/react-native":"https://www.gstatic.com/firebasejs/9.14.0/firebase-auth/react-native.js","functions":"https://www.gstatic.com/firebasejs/9.14.0/firebase-functions.js","firestore":"https://www.gstatic.com/firebasejs/9.14.0/firebase-firestore.js","firestore/lite":"https://www.gstatic.com/firebasejs/9.14.0/firebase-firestore/lite.js","installations":"https://www.gstatic.com/firebasejs/9.14.0/firebase-installations.js","storage":"https://www.gstatic.com/firebasejs/9.14.0/firebase-storage.js","performance":"https://www.gstatic.com/firebasejs/9.14.0/firebase-performance.js","remote-config":"https://www.gstatic.com/firebasejs/9.14.0/firebase-remote-config.js","messaging":"https://www.gstatic.com/firebasejs/9.14.0/firebase-messaging.js","messaging/sw":"https://www.gstatic.com/firebasejs/9.14.0/firebase-messaging/sw.js","database":"https://www.gstatic.com/firebasejs/9.14.0/firebase-database.js","firestore.memory":"https://www.gstatic.com/firebasejs/9.14.0/firebase-firestore.memory.js"}}
[info] i  Skipping write of dist/index.html 
[info] 
[info] i  Detected a .git folder at C:\Users\mcoel\OneDrive\Github\Frontend-Conecta-Test 
[info] i  Authorizing with GitHub to upload your service account to a GitHub repository's secrets store. 
[info] 
[info] Visit this URL on this device to log in:
[info] https://github.com/login/oauth/authorize?client_id=89cf50f02ac6aaed3484&state=453708494&redirect_uri=http%3A%2F%2Flocalhost%3A9005&scope=read%3Auser%20repo%20public_repo
[info] 
[info] Waiting for authentication...
[debug] [2022-11-26T18:39:26.292Z] >>> [apiv2][query] POST https://github.com/login/oauth/access_token [none]
[debug] [2022-11-26T18:39:26.292Z] >>> [apiv2][body] POST https://github.com/login/oauth/access_token [stream]
[debug] [2022-11-26T18:39:26.631Z] <<< [apiv2][status] POST https://github.com/login/oauth/access_token 200
[debug] [2022-11-26T18:39:26.631Z] <<< [apiv2][body] POST https://github.com/login/oauth/access_token {"access_token":"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","token_type":"bearer","scope":"read:user,repo"}
[debug] [2022-11-26T18:39:26.639Z] >>> [apiv2][query] GET https://api.github.com/user [none]
[debug] [2022-11-26T18:39:26.989Z] <<< [apiv2][status] GET https://api.github.com/user 200
[debug] [2022-11-26T18:39:26.989Z] <<< [apiv2][body] GET https://api.github.com/user {"login":"MCoelho222","id":92119579,"node_id":"U_kgDOBX2iGw","avatar_url":"https://avatars.githubusercontent.com/u/92119579?v=4","gravatar_id":"","url":"https://api.github.com/users/MCoelho222","html_url":"https://github.com/MCoelho222","followers_url":"https://api.github.com/users/MCoelho222/followers","following_url":"https://api.github.com/users/MCoelho222/following{/other_user}","gists_url":"https://api.github.com/users/MCoelho222/gists{/gist_id}","starred_url":"https://api.github.com/users/MCoelho222/starred{/owner}{/repo}","subscriptions_url":"https://api.github.com/users/MCoelho222/subscriptions","organizations_url":"https://api.github.com/users/MCoelho222/orgs","repos_url":"https://api.github.com/users/MCoelho222/repos","events_url":"https://api.github.com/users/MCoelho222/events{/privacy}","received_events_url":"https://api.github.com/users/MCoelho222/received_events","type":"User","site_admin":false,"name":"Marcelo Coelho","company":"Federal University of Paraná","blog":"https://www.linkedin.com/in/engambmcoelho/","location":"Brazil","email":"mcoelho2011@hotmail.com","hireable":true,"bio":"Environmental engineer, professor of environmental sciences. Currently in career transition to fullstack web developer.","twitter_username":null,"public_repos":14,"public_gists":0,"followers":4,"following":9,"created_at":"2021-10-07T19:01:25Z","updated_at":"2022-11-16T12:46:38Z","private_gists":0,"total_private_repos":3,"owned_private_repos":3,"disk_usage":5579,"collaborators":0,"two_factor_authentication":false,"plan":{"name":"free","space":976562499,"collaborators":0,"private_repos":10000}}
[info] 
[info] +  Success! Logged into GitHub as MCoelho222 
[info] 
